<?xml version="1.0" encoding="UTF-8"?>
<Site BuildName="Linux-gcc-11"
	BuildStamp="20240526-1629-Experimental"
	Name="DESKTOP-B821P8E"
	Generator="ctest-3.16.3"
	CompilerName=""
	CompilerVersion=""
	OSName="Linux"
	Hostname="DESKTOP-B821P8E"
	OSRelease="5.15.146.1-microsoft-standard-WSL2"
	OSVersion="#1 SMP Thu Jan 11 04:09:03 UTC 2024"
	OSPlatform="x86_64"
	Is64Bits="1"
	VendorString="AuthenticAMD"
	VendorID="Advanced Micro Devices"
	FamilyID="25"
	ModelID="33"
	ProcessorCacheSize="512"
	NumberOfLogicalCPU="1"
	NumberOfPhysicalCPU="1"
	TotalVirtualMemory="1024"
	TotalPhysicalMemory="1973"
	LogicalProcessorsPerPhysical="1"
	ProcessorClockFrequency="3393.63"
	>
	<Testing>
		<StartDateTime>May 26 13:36 -03</StartDateTime>
		<StartTestTime>1716741403</StartTestTime>
		<TestList/>
		<EndDateTime>May 26 13:36 -03</EndDateTime>
		<EndTestTime>1716741403</EndTestTime>
		<ElapsedMinutes>0</ElapsedMinutes>
	</Testing>
</Site>
